<?xml version="1.0" encoding="UTF-8"?>
<!-- Generated by org.testng.reporters.JUnitXMLReporter -->
<testsuite ignored="2" hostname="DESKTOP-QR0VDMM" failures="0" tests="1" name="Default test" time="21.426" errors="0" timestamp="2025-03-19T19:21:33 IST">
  <testcase classname="vtiger.Vendors.CreateVendorTest" name="createVendorWithGenericUtilsTest" time="21.327"/>
  <testcase classname="vtiger.Vendors.CreateVendorTest" name="createVendorWithDDT" time="0.0">
    <ignored/>
  </testcase> <!-- createVendorWithDDT -->
  <testcase classname="vtiger.Vendors.CreateVendorTest" name="createVendorWithHardCode" time="0.0">
    <ignored/>
  </testcase> <!-- createVendorWithHardCode -->
</testsuite> <!-- Default test -->
