<?xml version="1.0" encoding="UTF-8"?>
<testng-results ignored="0" total="1" passed="1" failed="0" skipped="0">
  <reporter-output>
  </reporter-output>
  <suite started-at="2025-03-02T17:28:40 IST" name="Default suite" finished-at="2025-03-02T17:29:16 IST" duration-ms="36145">
    <groups>
    </groups>
    <test started-at="2025-03-02T17:28:40 IST" name="Default test" finished-at="2025-03-02T17:29:16 IST" duration-ms="36145">
      <class name="WebDriverActions.WindowHandlingTest">
        <test-method signature="windowHandlingTest()[pri:0, instance:WebDriverActions.WindowHandlingTest@402c4085]" started-at="2025-03-02T17:28:40 IST" name="windowHandlingTest" finished-at="2025-03-02T17:29:16 IST" duration-ms="35997" status="PASS">
          <reporter-output>
          </reporter-output>
        </test-method> <!-- windowHandlingTest -->
      </class> <!-- WebDriverActions.WindowHandlingTest -->
    </test> <!-- Default test -->
  </suite> <!-- Default suite -->
</testng-results>
